Loading mods from "/Users/mrwise/Coding/Screeps/screeps-ok/server/db.json"
Connecting to storage
Loading mods from "/Users/mrwise/Coding/Screeps/screeps-ok/server/db.json"
Connecting to storage
Error processing room W0N0: TypeError: Cannot read properties of undefined (reading 'terrain')
    at /Users/mrwise/Coding/Screeps/screeps-ok/node_modules/@screeps/engine/dist/processor.js:44:25
    at _fulfilled (/Users/mrwise/Coding/Screeps/screeps-ok/node_modules/q/q.js:854:54)
    at /Users/mrwise/Coding/Screeps/screeps-ok/node_modules/q/q.js:883:30
    at Promise.promise.promiseDispatch (/Users/mrwise/Coding/Screeps/screeps-ok/node_modules/q/q.js:816:13)
    at /Users/mrwise/Coding/Screeps/screeps-ok/node_modules/q/q.js:570:49
    at runSingle (/Users/mrwise/Coding/Screeps/screeps-ok/node_modules/q/q.js:137:13)
    at flush (/Users/mrwise/Coding/Screeps/screeps-ok/node_modules/q/q.js:125:13)
    at process.processTicksAndRejections (node:internal/process/task_queues:85:11)
Loading mods from "/Users/mrwise/Coding/Screeps/screeps-ok/server/db.json"
Connecting to storage
Error processing room W0N0: TypeError: Cannot read properties of undefined (reading 'terrain')
    at /Users/mrwise/Coding/Screeps/screeps-ok/node_modules/@screeps/engine/dist/processor.js:44:25
    at _fulfilled (/Users/mrwise/Coding/Screeps/screeps-ok/node_modules/q/q.js:854:54)
    at /Users/mrwise/Coding/Screeps/screeps-ok/node_modules/q/q.js:883:30
    at Promise.promise.promiseDispatch (/Users/mrwise/Coding/Screeps/screeps-ok/node_modules/q/q.js:816:13)
    at /Users/mrwise/Coding/Screeps/screeps-ok/node_modules/q/q.js:570:49
    at runSingle (/Users/mrwise/Coding/Screeps/screeps-ok/node_modules/q/q.js:137:13)
    at flush (/Users/mrwise/Coding/Screeps/screeps-ok/node_modules/q/q.js:125:13)
    at process.processTicksAndRejections (node:internal/process/task_queues:85:11)
Loading mods from "/Users/mrwise/Coding/Screeps/screeps-ok/server/db.json"
Connecting to storage
Error processing room W0N0: TypeError: Cannot read properties of undefined (reading 'terrain')
    at /Users/mrwise/Coding/Screeps/screeps-ok/node_modules/@screeps/engine/dist/processor.js:44:25
    at _fulfilled (/Users/mrwise/Coding/Screeps/screeps-ok/node_modules/q/q.js:854:54)
    at /Users/mrwise/Coding/Screeps/screeps-ok/node_modules/q/q.js:883:30
    at Promise.promise.promiseDispatch (/Users/mrwise/Coding/Screeps/screeps-ok/node_modules/q/q.js:816:13)
    at /Users/mrwise/Coding/Screeps/screeps-ok/node_modules/q/q.js:570:49
    at runSingle (/Users/mrwise/Coding/Screeps/screeps-ok/node_modules/q/q.js:137:13)
    at flush (/Users/mrwise/Coding/Screeps/screeps-ok/node_modules/q/q.js:125:13)
    at process.processTicksAndRejections (node:internal/process/task_queues:85:11)
Loading mods from "/Users/mrwise/Coding/Screeps/screeps-ok/server/db.json"
Connecting to storage
Error processing room W0N0: TypeError: Cannot read properties of undefined (reading 'terrain')
    at /Users/mrwise/Coding/Screeps/screeps-ok/node_modules/@screeps/engine/dist/processor.js:44:25
    at _fulfilled (/Users/mrwise/Coding/Screeps/screeps-ok/node_modules/q/q.js:854:54)
    at /Users/mrwise/Coding/Screeps/screeps-ok/node_modules/q/q.js:883:30
    at Promise.promise.promiseDispatch (/Users/mrwise/Coding/Screeps/screeps-ok/node_modules/q/q.js:816:13)
    at /Users/mrwise/Coding/Screeps/screeps-ok/node_modules/q/q.js:570:49
    at runSingle (/Users/mrwise/Coding/Screeps/screeps-ok/node_modules/q/q.js:137:13)
    at flush (/Users/mrwise/Coding/Screeps/screeps-ok/node_modules/q/q.js:125:13)
    at process.processTicksAndRejections (node:internal/process/task_queues:85:11)
Loading mods from "/Users/mrwise/Coding/Screeps/screeps-ok/server/db.json"
Connecting to storage
Error processing room W0N0: TypeError: Cannot read properties of undefined (reading 'terrain')
    at /Users/mrwise/Coding/Screeps/screeps-ok/node_modules/@screeps/engine/dist/processor.js:44:25
    at _fulfilled (/Users/mrwise/Coding/Screeps/screeps-ok/node_modules/q/q.js:854:54)
    at /Users/mrwise/Coding/Screeps/screeps-ok/node_modules/q/q.js:883:30
    at Promise.promise.promiseDispatch (/Users/mrwise/Coding/Screeps/screeps-ok/node_modules/q/q.js:816:13)
    at /Users/mrwise/Coding/Screeps/screeps-ok/node_modules/q/q.js:570:49
    at runSingle (/Users/mrwise/Coding/Screeps/screeps-ok/node_modules/q/q.js:137:13)
    at flush (/Users/mrwise/Coding/Screeps/screeps-ok/node_modules/q/q.js:125:13)
    at process.processTicksAndRejections (node:internal/process/task_queues:85:11)
Loading mods from "/Users/mrwise/Coding/Screeps/screeps-ok/server/db.json"
Connecting to storage
Got SIGTERM, disabling queue fetching
Storage connection lost
Loading mods from "/Users/mrwise/Coding/Screeps/screeps-ok/server/db.json"
Connecting to storage
Got SIGTERM, disabling queue fetching
Storage connection lost
Loading mods from "/Users/mrwise/Coding/Screeps/screeps-ok/server/db.json"
Connecting to storage
Got SIGTERM, disabling queue fetching
Storage connection lost
Loading mods from "/Users/mrwise/Coding/Screeps/screeps-ok/server/db.json"
Connecting to storage
Got SIGTERM, disabling queue fetching
Storage connection lost
