Loading mods from "/Users/mrwise/Coding/Screeps/screeps-ok/server/db.json"
Connecting to storage
File `build/runtime.shapshot.bin` not found, using `build/runtime.bundle.js` instead
Loading mods from "/Users/mrwise/Coding/Screeps/screeps-ok/server/db.json"
Connecting to storage
File `build/runtime.shapshot.bin` not found, using `build/runtime.bundle.js` instead
Terrain shared buffer size: 7500
Loading mods from "/Users/mrwise/Coding/Screeps/screeps-ok/server/db.json"
Connecting to storage
File `build/runtime.shapshot.bin` not found, using `build/runtime.bundle.js` instead
Terrain shared buffer size: 7500
Loading mods from "/Users/mrwise/Coding/Screeps/screeps-ok/server/db.json"
Connecting to storage
File `build/runtime.shapshot.bin` not found, using `build/runtime.bundle.js` instead
Terrain shared buffer size: 7500
Loading mods from "/Users/mrwise/Coding/Screeps/screeps-ok/server/db.json"
Connecting to storage
File `build/runtime.shapshot.bin` not found, using `build/runtime.bundle.js` instead
Terrain shared buffer size: 7500
Loading mods from "/Users/mrwise/Coding/Screeps/screeps-ok/server/db.json"
Connecting to storage
File `build/runtime.shapshot.bin` not found, using `build/runtime.bundle.js` instead
Terrain shared buffer size: 7500
Loading mods from "/Users/mrwise/Coding/Screeps/screeps-ok/server/db.json"
Connecting to storage
File `build/runtime.shapshot.bin` not found, using `build/runtime.bundle.js` instead
Terrain shared buffer size: 7500
Got SIGTERM, disabling queue fetching
Storage connection lost
Loading mods from "/Users/mrwise/Coding/Screeps/screeps-ok/server/db.json"
Connecting to storage
File `build/runtime.shapshot.bin` not found, using `build/runtime.bundle.js` instead
Terrain shared buffer size: 7500
Got SIGTERM, disabling queue fetching
Storage connection lost
Loading mods from "/Users/mrwise/Coding/Screeps/screeps-ok/server/db.json"
Connecting to storage
File `build/runtime.shapshot.bin` not found, using `build/runtime.bundle.js` instead
Terrain shared buffer size: 7500
Got SIGTERM, disabling queue fetching
Storage connection lost
Loading mods from "/Users/mrwise/Coding/Screeps/screeps-ok/server/db.json"
Connecting to storage
File `build/runtime.shapshot.bin` not found, using `build/runtime.bundle.js` instead
Terrain shared buffer size: 7500
Got SIGTERM, disabling queue fetching
Storage connection lost
