Loading mods from "/Users/mrwise/Coding/Screeps/screeps-ok/server/mods.json"
Upgrading database to version 4
Upgrading database to version 5
spawn#a3561c387c8ad57
Upgrading database to version 6
Upgrading database to version 7
Upgrading database to version 8
Upgrading database to version 9
Starting storage server
Storage listening on 21025
[::1:50258] Incoming connection
[::1:50259] Incoming connection
[::1:50260] Incoming connection
Loading mods from "/Users/mrwise/Coding/Screeps/screeps-ok/server/mods.json"
Upgrading database to version 4
Upgrading database to version 5
spawn#a3561c387c8ad57
Upgrading database to version 6
Upgrading database to version 7
Upgrading database to version 8
Upgrading database to version 9
Starting storage server
Storage listening on 21025
[::1:50271] Incoming connection
[::1:50272] Incoming connection
[::1:50273] Incoming connection
Loading mods from "/Users/mrwise/Coding/Screeps/screeps-ok/server/mods.json"
Upgrading database to version 4
Upgrading database to version 5
spawn#a3561c387c8ad57
Upgrading database to version 6
Upgrading database to version 7
Upgrading database to version 8
Upgrading database to version 9
Starting storage server
Storage listening on 21025
[::1:50274] Incoming connection
[::1:50275] Incoming connection
[::1:50276] Incoming connection
Loading mods from "/Users/mrwise/Coding/Screeps/screeps-ok/server/mods.json"
Upgrading database to version 4
Upgrading database to version 5
spawn#a3561c387c8ad57
Upgrading database to version 6
Upgrading database to version 7
Upgrading database to version 8
Upgrading database to version 9
Starting storage server
Storage listening on 21025
[::1:50277] Incoming connection
[::1:50278] Incoming connection
[::1:50279] Incoming connection
Loading mods from "/Users/mrwise/Coding/Screeps/screeps-ok/server/mods.json"
Upgrading database to version 4
Upgrading database to version 5
spawn#a3561c387c8ad57
Upgrading database to version 6
Upgrading database to version 7
Upgrading database to version 8
Upgrading database to version 9
Starting storage server
Storage listening on 21025
[::1:50287] Incoming connection
[::1:50288] Incoming connection
[::1:50289] Incoming connection
Loading mods from "/Users/mrwise/Coding/Screeps/screeps-ok/server/mods.json"
Upgrading database to version 4
Upgrading database to version 5
spawn#a3561c387c8ad57
Upgrading database to version 6
Upgrading database to version 7
Upgrading database to version 8
Upgrading database to version 9
Starting storage server
Storage listening on 21025
[::1:50290] Incoming connection
[::1:50291] Incoming connection
[::1:50292] Incoming connection
Loading mods from "/Users/mrwise/Coding/Screeps/screeps-ok/server/mods.json"
Upgrading database to version 4
Upgrading database to version 5
spawn#a3561c387c8ad57
Upgrading database to version 6
Upgrading database to version 7
Upgrading database to version 8
Upgrading database to version 9
Starting storage server
Storage listening on 21025
[::1:50301] Incoming connection
[::1:50302] Incoming connection
[::1:50303] Incoming connection
Loading mods from "/Users/mrwise/Coding/Screeps/screeps-ok/server/mods.json"
Upgrading database to version 4
Upgrading database to version 5
spawn#a3561c387c8ad57
Upgrading database to version 6
Upgrading database to version 7
Upgrading database to version 8
Upgrading database to version 9
Starting storage server
Storage listening on 21025
[::1:50304] Incoming connection
[::1:50305] Incoming connection
[::1:50306] Incoming connection
Loading mods from "/Users/mrwise/Coding/Screeps/screeps-ok/server/mods.json"
Upgrading database to version 4
Upgrading database to version 5
spawn#a3561c387c8ad57
Upgrading database to version 6
Upgrading database to version 7
Upgrading database to version 8
Upgrading database to version 9
Starting storage server
Storage listening on 21025
[::1:50307] Incoming connection
[::1:50308] Incoming connection
[::1:50309] Incoming connection
Loading mods from "/Users/mrwise/Coding/Screeps/screeps-ok/server/mods.json"
Upgrading database to version 4
Upgrading database to version 5
spawn#a3561c387c8ad57
Upgrading database to version 6
Upgrading database to version 7
Upgrading database to version 8
Upgrading database to version 9
Starting storage server
Storage listening on 21025
[::1:50310] Incoming connection
[::1:50311] Incoming connection
[::1:50312] Incoming connection
